[2025-12-23 03:23:23,881: INFO: main: >>>>>> stage Data Ingestion stage started <<<<<<]
[2025-12-23 03:23:23,882: INFO: common: yaml file: config/config.yaml loaded successfully]
[2025-12-23 03:23:23,882: INFO: common: yaml file: params.yaml loaded successfully]
[2025-12-23 03:23:23,883: INFO: common: created directory at: artifacts]
[2025-12-23 03:23:23,883: INFO: common: created directory at: artifacts/data_ingestion]
[2025-12-23 03:23:25,691: INFO: data_ingestion: artifacts/data_ingestion/data.zip download! with following info: 
Connection: close
Content-Length: 11616915
Cache-Control: max-age=300
Content-Security-Policy: default-src 'none'; style-src 'unsafe-inline'; sandbox
Content-Type: application/zip
ETag: "adf745abc03891fe493c3be264ec012691fe3fa21d861f35a27edbe6d86a76b1"
Strict-Transport-Security: max-age=31536000
X-Content-Type-Options: nosniff
X-Frame-Options: deny
X-XSS-Protection: 1; mode=block
X-GitHub-Request-Id: 52A1:230518:1FD34B:27091C:694A4A1A
Accept-Ranges: bytes
Date: Tue, 23 Dec 2025 08:23:24 GMT
Via: 1.1 varnish
X-Served-By: cache-bos4678-BOS
X-Cache: HIT
X-Cache-Hits: 0
X-Timer: S1766478204.259768,VS0,VE178
Vary: Authorization,Accept-Encoding
Access-Control-Allow-Origin: *
Cross-Origin-Resource-Policy: cross-origin
X-Fastly-Request-ID: c15969785e637f3adacaff8cc0f3ded7f555649c
Expires: Tue, 23 Dec 2025 08:28:24 GMT
Source-Age: 0

]
[2025-12-23 03:23:25,778: INFO: main: >>>>>> stage Data Ingestion stage completed <<<<<<

x==========x]
[2025-12-23 03:23:25,778: INFO: main: *******************]
[2025-12-23 03:23:25,778: INFO: main: >>>>>> stage Prepare base model started <<<<<<]
[2025-12-23 03:23:25,779: INFO: common: yaml file: config/config.yaml loaded successfully]
[2025-12-23 03:23:25,779: INFO: common: yaml file: params.yaml loaded successfully]
[2025-12-23 03:23:25,779: INFO: common: created directory at: artifacts]
[2025-12-23 03:23:25,779: INFO: common: created directory at: artifacts/prepare_base_model]
[2025-12-23 03:23:25,959: WARNING: saving_utils: Compiled the loaded model, but the compiled metrics have yet to be built. `model.compile_metrics` will be empty until you train or evaluate the model.]
[2025-12-23 03:23:26,313: INFO: builder_impl: Assets written to: artifacts/prepare_base_model/base_model.kersa/assets]
[2025-12-23 03:23:26,331: WARNING: optimizer: At this time, the v2.11+ optimizer `tf.keras.optimizers.SGD` runs slowly on M1/M2 Macs, please use the legacy Keras optimizer instead, located at `tf.keras.optimizers.legacy.SGD`.]
[2025-12-23 03:23:26,332: WARNING: __init__: There is a known slowdown when using v2.11+ Keras optimizers on M1/M2 Macs. Falling back to the legacy Keras optimizer, i.e., `tf.keras.optimizers.legacy.SGD`.]
[2025-12-23 03:23:26,404: INFO: main: >>>>>> stage Prepare base model completed <<<<<<

x==========x]
[2025-12-23 03:25:57,402: INFO: common: yaml file: config/config.yaml loaded successfully]
[2025-12-23 03:25:57,404: INFO: common: yaml file: params.yaml loaded successfully]
[2025-12-23 03:25:57,405: INFO: common: created directory at: artifacts]
[2025-12-23 03:25:57,406: INFO: common: created directory at: artifacts/prepare_callbacks/checkpoint_dir]
[2025-12-23 03:25:57,407: INFO: common: created directory at: artifacts/prepare_callbacks/tensorboard_log_dir]
[2025-12-23 03:28:04,392: INFO: common: yaml file: config/config.yaml loaded successfully]
[2025-12-23 03:28:04,395: INFO: common: yaml file: params.yaml loaded successfully]
[2025-12-23 03:28:04,395: INFO: common: created directory at: artifacts]
[2025-12-23 03:28:04,395: INFO: common: created directory at: artifacts/prepare_callbacks/checkpoint_dir]
[2025-12-23 03:28:04,396: INFO: common: created directory at: artifacts/prepare_callbacks/tensorboard_log_dir]
